INFO -- ::1 -- 2017-09-18T09:59:43+00:00 -- Enter Hybrid_Auth::initialize()
INFO -- ::1 -- 2017-09-18T09:59:43+00:00 -- Hybrid_Auth::initialize(). PHP version: 5.6.30
INFO -- ::1 -- 2017-09-18T09:59:43+00:00 -- Hybrid_Auth::initialize(). Hybrid_Auth version: 2.6.0
INFO -- ::1 -- 2017-09-18T09:59:43+00:00 -- Hybrid_Auth::initialize(). Hybrid_Auth called from: http://localhost/cartinhour/customer/productlist/OTE=
INFO -- ::1 -- 2017-09-18T09:59:43+00:00 -- PHP session.name diff from default PHPSESSID. http://php.net/manual/en/session.configuration.php#ini.session.name.
DEBUG -- ::1 -- 2017-09-18T09:59:43+00:00 -- Hybrid_Auth initialize. dump used config:  -- a:8:{s:8:"base_url";s:42:"http://localhost/cartinhour/hauth/endpoint";s:9:"providers";a:10:{s:6:"OpenID";a:1:{s:7:"enabled";b:1;}s:5:"Yahoo";a:2:{s:7:"enabled";b:1;s:4:"keys";a:2:{s:2:"id";s:0:"";s:6:"secret";s:0:"";}}s:3:"AOL";a:1:{s:7:"enabled";b:1;}s:6:"Google";a:3:{s:7:"enabled";b:1;s:4:"keys";a:2:{s:2:"id";s:72:"601257408376-tuivjicccmlqhvml65j4o77h58gt8fri.apps.googleusercontent.com";s:6:"secret";s:24:"FmbraXkmaC8ac5i3IifFWvO3";}s:12:"redirect_uri";s:60:"http://localhost/cartinhour/hauth/endpoint?hauth.done=Google";}s:8:"Facebook";a:2:{s:7:"enabled";b:1;s:4:"keys";a:2:{s:2:"id";s:16:"1516692405064355";s:6:"secret";s:32:"54dab4497a9c59cfa29e6a222ee5fbc0";}}s:7:"Twitter";a:2:{s:7:"enabled";b:1;s:4:"keys";a:2:{s:3:"key";s:0:"";s:6:"secret";s:0:"";}}s:4:"Live";a:2:{s:7:"enabled";b:1;s:4:"keys";a:2:{s:2:"id";s:0:"";s:6:"secret";s:0:"";}}s:7:"MySpace";a:2:{s:7:"enabled";b:1;s:4:"keys";a:2:{s:3:"key";s:0:"";s:6:"secret";s:0:"";}}s:8:"LinkedIn";a:2:{s:7:"enabled";b:1;s:4:"keys";a:2:{s:3:"key";s:14:"81yxvn0skasi9i";s:6:"secret";s:16:"vyDPGYkWr9zYek37";}}s:10:"Foursquare";a:2:{s:7:"enabled";b:1;s:4:"keys";a:2:{s:2:"id";s:0:"";s:6:"secret";s:0:"";}}}s:10:"debug_mode";b:1;s:10:"debug_file";s:59:"F:\xampp\htdocs\cartinhour\application\/logs/hybridauth.log";s:9:"path_base";s:69:"F:\xampp\htdocs\cartinhour\application\third_party\hybridauth\Hybrid/";s:14:"path_libraries";s:80:"F:\xampp\htdocs\cartinhour\application\third_party\hybridauth\Hybrid/thirdparty/";s:14:"path_resources";s:79:"F:\xampp\htdocs\cartinhour\application\third_party\hybridauth\Hybrid/resources/";s:14:"path_providers";s:79:"F:\xampp\htdocs\cartinhour\application\third_party\hybridauth\Hybrid/Providers/";}
DEBUG -- ::1 -- 2017-09-18T09:59:43+00:00 -- Hybrid_Auth initialize. dump current session:  -- 
INFO -- ::1 -- 2017-09-18T09:59:43+00:00 -- Hybrid_Auth initialize: check if any error is stored on the endpoint...
INFO -- ::1 -- 2017-09-18T09:59:43+00:00 -- Hybrid_Auth initialize: no error found. initialization succeed.
INFO -- ::1 -- 2017-09-18T10:00:31+00:00 -- Enter Hybrid_Auth::initialize()
INFO -- ::1 -- 2017-09-18T10:00:31+00:00 -- Hybrid_Auth::initialize(). PHP version: 5.6.30
INFO -- ::1 -- 2017-09-18T10:00:31+00:00 -- Hybrid_Auth::initialize(). Hybrid_Auth version: 2.6.0
INFO -- ::1 -- 2017-09-18T10:00:31+00:00 -- Hybrid_Auth::initialize(). Hybrid_Auth called from: http://localhost/cartinhour/customer/nearstores
INFO -- ::1 -- 2017-09-18T10:00:31+00:00 -- PHP session.name diff from default PHPSESSID. http://php.net/manual/en/session.configuration.php#ini.session.name.
DEBUG -- ::1 -- 2017-09-18T10:00:31+00:00 -- Hybrid_Auth initialize. dump used config:  -- a:8:{s:8:"base_url";s:42:"http://localhost/cartinhour/hauth/endpoint";s:9:"providers";a:10:{s:6:"OpenID";a:1:{s:7:"enabled";b:1;}s:5:"Yahoo";a:2:{s:7:"enabled";b:1;s:4:"keys";a:2:{s:2:"id";s:0:"";s:6:"secret";s:0:"";}}s:3:"AOL";a:1:{s:7:"enabled";b:1;}s:6:"Google";a:3:{s:7:"enabled";b:1;s:4:"keys";a:2:{s:2:"id";s:72:"601257408376-tuivjicccmlqhvml65j4o77h58gt8fri.apps.googleusercontent.com";s:6:"secret";s:24:"FmbraXkmaC8ac5i3IifFWvO3";}s:12:"redirect_uri";s:60:"http://localhost/cartinhour/hauth/endpoint?hauth.done=Google";}s:8:"Facebook";a:2:{s:7:"enabled";b:1;s:4:"keys";a:2:{s:2:"id";s:16:"1516692405064355";s:6:"secret";s:32:"54dab4497a9c59cfa29e6a222ee5fbc0";}}s:7:"Twitter";a:2:{s:7:"enabled";b:1;s:4:"keys";a:2:{s:3:"key";s:0:"";s:6:"secret";s:0:"";}}s:4:"Live";a:2:{s:7:"enabled";b:1;s:4:"keys";a:2:{s:2:"id";s:0:"";s:6:"secret";s:0:"";}}s:7:"MySpace";a:2:{s:7:"enabled";b:1;s:4:"keys";a:2:{s:3:"key";s:0:"";s:6:"secret";s:0:"";}}s:8:"LinkedIn";a:2:{s:7:"enabled";b:1;s:4:"keys";a:2:{s:3:"key";s:14:"81yxvn0skasi9i";s:6:"secret";s:16:"vyDPGYkWr9zYek37";}}s:10:"Foursquare";a:2:{s:7:"enabled";b:1;s:4:"keys";a:2:{s:2:"id";s:0:"";s:6:"secret";s:0:"";}}}s:10:"debug_mode";b:1;s:10:"debug_file";s:59:"F:\xampp\htdocs\cartinhour\application\/logs/hybridauth.log";s:9:"path_base";s:69:"F:\xampp\htdocs\cartinhour\application\third_party\hybridauth\Hybrid/";s:14:"path_libraries";s:80:"F:\xampp\htdocs\cartinhour\application\third_party\hybridauth\Hybrid/thirdparty/";s:14:"path_resources";s:79:"F:\xampp\htdocs\cartinhour\application\third_party\hybridauth\Hybrid/resources/";s:14:"path_providers";s:79:"F:\xampp\htdocs\cartinhour\application\third_party\hybridauth\Hybrid/Providers/";}
DEBUG -- ::1 -- 2017-09-18T10:00:31+00:00 -- Hybrid_Auth initialize. dump current session:  -- 
INFO -- ::1 -- 2017-09-18T10:00:31+00:00 -- Hybrid_Auth initialize: check if any error is stored on the endpoint...
INFO -- ::1 -- 2017-09-18T10:00:31+00:00 -- Hybrid_Auth initialize: no error found. initialization succeed.
INFO -- ::1 -- 2017-09-18T10:00:33+00:00 -- Enter Hybrid_Auth::initialize()
INFO -- ::1 -- 2017-09-18T10:00:33+00:00 -- Hybrid_Auth::initialize(). PHP version: 5.6.30
INFO -- ::1 -- 2017-09-18T10:00:33+00:00 -- Hybrid_Auth::initialize(). Hybrid_Auth version: 2.6.0
INFO -- ::1 -- 2017-09-18T10:00:33+00:00 -- Hybrid_Auth::initialize(). Hybrid_Auth called from: http://localhost/cartinhour/customer/productlist/OTE=
INFO -- ::1 -- 2017-09-18T10:00:33+00:00 -- PHP session.name diff from default PHPSESSID. http://php.net/manual/en/session.configuration.php#ini.session.name.
DEBUG -- ::1 -- 2017-09-18T10:00:33+00:00 -- Hybrid_Auth initialize. dump used config:  -- a:8:{s:8:"base_url";s:42:"http://localhost/cartinhour/hauth/endpoint";s:9:"providers";a:10:{s:6:"OpenID";a:1:{s:7:"enabled";b:1;}s:5:"Yahoo";a:2:{s:7:"enabled";b:1;s:4:"keys";a:2:{s:2:"id";s:0:"";s:6:"secret";s:0:"";}}s:3:"AOL";a:1:{s:7:"enabled";b:1;}s:6:"Google";a:3:{s:7:"enabled";b:1;s:4:"keys";a:2:{s:2:"id";s:72:"601257408376-tuivjicccmlqhvml65j4o77h58gt8fri.apps.googleusercontent.com";s:6:"secret";s:24:"FmbraXkmaC8ac5i3IifFWvO3";}s:12:"redirect_uri";s:60:"http://localhost/cartinhour/hauth/endpoint?hauth.done=Google";}s:8:"Facebook";a:2:{s:7:"enabled";b:1;s:4:"keys";a:2:{s:2:"id";s:16:"1516692405064355";s:6:"secret";s:32:"54dab4497a9c59cfa29e6a222ee5fbc0";}}s:7:"Twitter";a:2:{s:7:"enabled";b:1;s:4:"keys";a:2:{s:3:"key";s:0:"";s:6:"secret";s:0:"";}}s:4:"Live";a:2:{s:7:"enabled";b:1;s:4:"keys";a:2:{s:2:"id";s:0:"";s:6:"secret";s:0:"";}}s:7:"MySpace";a:2:{s:7:"enabled";b:1;s:4:"keys";a:2:{s:3:"key";s:0:"";s:6:"secret";s:0:"";}}s:8:"LinkedIn";a:2:{s:7:"enabled";b:1;s:4:"keys";a:2:{s:3:"key";s:14:"81yxvn0skasi9i";s:6:"secret";s:16:"vyDPGYkWr9zYek37";}}s:10:"Foursquare";a:2:{s:7:"enabled";b:1;s:4:"keys";a:2:{s:2:"id";s:0:"";s:6:"secret";s:0:"";}}}s:10:"debug_mode";b:1;s:10:"debug_file";s:59:"F:\xampp\htdocs\cartinhour\application\/logs/hybridauth.log";s:9:"path_base";s:69:"F:\xampp\htdocs\cartinhour\application\third_party\hybridauth\Hybrid/";s:14:"path_libraries";s:80:"F:\xampp\htdocs\cartinhour\application\third_party\hybridauth\Hybrid/thirdparty/";s:14:"path_resources";s:79:"F:\xampp\htdocs\cartinhour\application\third_party\hybridauth\Hybrid/resources/";s:14:"path_providers";s:79:"F:\xampp\htdocs\cartinhour\application\third_party\hybridauth\Hybrid/Providers/";}
DEBUG -- ::1 -- 2017-09-18T10:00:33+00:00 -- Hybrid_Auth initialize. dump current session:  -- 
INFO -- ::1 -- 2017-09-18T10:00:33+00:00 -- Hybrid_Auth initialize: check if any error is stored on the endpoint...
INFO -- ::1 -- 2017-09-18T10:00:33+00:00 -- Hybrid_Auth initialize: no error found. initialization succeed.
INFO -- ::1 -- 2017-09-18T10:02:47+00:00 -- Enter Hybrid_Auth::initialize()
INFO -- ::1 -- 2017-09-18T10:02:47+00:00 -- Hybrid_Auth::initialize(). PHP version: 5.6.30
INFO -- ::1 -- 2017-09-18T10:02:47+00:00 -- Hybrid_Auth::initialize(). Hybrid_Auth version: 2.6.0
INFO -- ::1 -- 2017-09-18T10:02:47+00:00 -- Hybrid_Auth::initialize(). Hybrid_Auth called from: http://localhost/cartinhour/customer
INFO -- ::1 -- 2017-09-18T10:02:47+00:00 -- PHP session.name diff from default PHPSESSID. http://php.net/manual/en/session.configuration.php#ini.session.name.
DEBUG -- ::1 -- 2017-09-18T10:02:47+00:00 -- Hybrid_Auth initialize. dump used config:  -- a:8:{s:8:"base_url";s:42:"http://localhost/cartinhour/hauth/endpoint";s:9:"providers";a:10:{s:6:"OpenID";a:1:{s:7:"enabled";b:1;}s:5:"Yahoo";a:2:{s:7:"enabled";b:1;s:4:"keys";a:2:{s:2:"id";s:0:"";s:6:"secret";s:0:"";}}s:3:"AOL";a:1:{s:7:"enabled";b:1;}s:6:"Google";a:3:{s:7:"enabled";b:1;s:4:"keys";a:2:{s:2:"id";s:72:"601257408376-tuivjicccmlqhvml65j4o77h58gt8fri.apps.googleusercontent.com";s:6:"secret";s:24:"FmbraXkmaC8ac5i3IifFWvO3";}s:12:"redirect_uri";s:60:"http://localhost/cartinhour/hauth/endpoint?hauth.done=Google";}s:8:"Facebook";a:2:{s:7:"enabled";b:1;s:4:"keys";a:2:{s:2:"id";s:16:"1516692405064355";s:6:"secret";s:32:"54dab4497a9c59cfa29e6a222ee5fbc0";}}s:7:"Twitter";a:2:{s:7:"enabled";b:1;s:4:"keys";a:2:{s:3:"key";s:0:"";s:6:"secret";s:0:"";}}s:4:"Live";a:2:{s:7:"enabled";b:1;s:4:"keys";a:2:{s:2:"id";s:0:"";s:6:"secret";s:0:"";}}s:7:"MySpace";a:2:{s:7:"enabled";b:1;s:4:"keys";a:2:{s:3:"key";s:0:"";s:6:"secret";s:0:"";}}s:8:"LinkedIn";a:2:{s:7:"enabled";b:1;s:4:"keys";a:2:{s:3:"key";s:14:"81yxvn0skasi9i";s:6:"secret";s:16:"vyDPGYkWr9zYek37";}}s:10:"Foursquare";a:2:{s:7:"enabled";b:1;s:4:"keys";a:2:{s:2:"id";s:0:"";s:6:"secret";s:0:"";}}}s:10:"debug_mode";b:1;s:10:"debug_file";s:59:"F:\xampp\htdocs\cartinhour\application\/logs/hybridauth.log";s:9:"path_base";s:69:"F:\xampp\htdocs\cartinhour\application\third_party\hybridauth\Hybrid/";s:14:"path_libraries";s:80:"F:\xampp\htdocs\cartinhour\application\third_party\hybridauth\Hybrid/thirdparty/";s:14:"path_resources";s:79:"F:\xampp\htdocs\cartinhour\application\third_party\hybridauth\Hybrid/resources/";s:14:"path_providers";s:79:"F:\xampp\htdocs\cartinhour\application\third_party\hybridauth\Hybrid/Providers/";}
DEBUG -- ::1 -- 2017-09-18T10:02:47+00:00 -- Hybrid_Auth initialize. dump current session:  -- 
INFO -- ::1 -- 2017-09-18T10:02:47+00:00 -- Hybrid_Auth initialize: check if any error is stored on the endpoint...
INFO -- ::1 -- 2017-09-18T10:02:47+00:00 -- Hybrid_Auth initialize: no error found. initialization succeed.
